total 9560
-rwxr-xr-x   1 root  wheel  1361200 Sep 25 00:03 zsh
-rwxr-xr-x   1 root  wheel   101056 Sep 25 00:03 wait4path
-rwxr-xr-x   2 root  wheel   119216 Sep 25 00:03 unlink
-rwxr-xr-x   2 root  wheel   101456 Sep 25 00:03 test
-rwxr-xr-x   2 root  wheel  1091936 Sep 25 00:03 tcsh
-rwxr-xr-x   1 root  wheel   100784 Sep 25 00:03 sync
-rwxr-xr-x   1 root  wheel   135504 Sep 25 00:03 stty
-rwxr-xr-x   1 root  wheel   101168 Sep 25 00:03 sleep
-rwxr-xr-x   1 root  wheel   101232 Sep 25 00:03 sh
-rwxr-xr-x   1 root  wheel   101120 Sep 25 00:03 rmdir
-rwxr-xr-x   2 root  wheel   119216 Sep 25 00:03 rm
-rwxr-xr-x   1 root  wheel   101072 Sep 25 00:03 realpath
-rwxr-xr-x   1 root  wheel   101296 Sep 25 00:03 pwd
-rwsr-xr-x   1 root  wheel   170816 Sep 25 00:03 ps
-rwxr-xr-x   1 root  wheel   304672 Sep 25 00:03 pax
-rwxr-xr-x   1 root  wheel   119440 Sep 25 00:03 mv
-rwxr-xr-x   1 root  wheel   101472 Sep 25 00:03 mkdir
-rwxr-xr-x   1 root  wheel   154624 Sep 25 00:03 ls
-rwxr-xr-x   2 root  wheel   102192 Sep 25 00:03 ln
-rwxr-xr-x   2 root  wheel   102192 Sep 25 00:03 link
-rwxr-xr-x   1 root  wheel   364320 Sep 25 00:03 launchctl
-r-xr-xr-x   1 root  wheel  2549488 Sep 25 00:03 ksh
-rwxr-xr-x   1 root  wheel   101504 Sep 25 00:03 kill
-rwxr-xr-x   1 root  wheel   101184 Sep 25 00:03 hostname
-rwxr-xr-x   1 root  wheel   102000 Sep 25 00:03 expr
-rwxr-xr-x   1 root  wheel   202528 Sep 25 00:03 ed
-rwxr-xr-x   1 root  wheel   101136 Sep 25 00:03 echo
-rwxr-xr-x   1 root  wheel   119152 Sep 25 00:03 df
-rwxr-xr-x   1 root  wheel   152576 Sep 25 00:03 dd
-rwxr-xr-x   1 root  wheel   135392 Sep 25 00:03 date
-rwxr-xr-x   1 root  wheel   274272 Sep 25 00:03 dash
-rwxr-xr-x   2 root  wheel  1091936 Sep 25 00:03 csh
-rwxr-xr-x   1 root  wheel   153360 Sep 25 00:03 cp
-rwxr-xr-x   1 root  wheel   120656 Sep 25 00:03 chmod
-rwxr-xr-x   1 root  wheel   118992 Sep 25 00:03 cat
-r-xr-xr-x   1 root  wheel  1310208 Sep 25 00:03 bash
-rwxr-xr-x   2 root  wheel   101456 Sep 25 00:03 [
drwxr-xr-x  22 root  wheel      704 Sep 25 00:03 ..
drwxr-xr-x@ 39 root  wheel     1248 Sep 25 00:03 .
